<?xml version="1.0" encoding="UTF-8"?>
<coverage generated="1739351678008" clover="3.2.0">
  <project timestamp="1739351678009" name="All files">
    <metrics statements="25" coveredstatements="24" conditionals="7" coveredconditionals="5" methods="9" coveredmethods="8" elements="41" coveredelements="37" complexity="0" loc="25" ncloc="25" packages="3" files="5" classes="5"/>
    <package name="app">
      <metrics statements="5" coveredstatements="5" conditionals="0" coveredconditionals="0" methods="2" coveredmethods="2"/>
      <file name="index.tsx" path="C:\Users\yelabdi.XEFI\.cursor-tutor\Test\KILLSPY\game\app\index.tsx">
        <metrics statements="5" coveredstatements="5" conditionals="0" coveredconditionals="0" methods="2" coveredmethods="2"/>
        <line num="9" count="4" type="stmt"/>
        <line num="10" count="4" type="stmt"/>
        <line num="12" count="4" type="stmt"/>
        <line num="15" count="1" type="stmt"/>
        <line num="20" count="1" type="stmt"/>
      </file>
    </package>
    <package name="components">
      <metrics statements="18" coveredstatements="17" conditionals="7" coveredconditionals="5" methods="7" coveredmethods="6"/>
      <file name="QuitButton.tsx" path="C:\Users\yelabdi.XEFI\.cursor-tutor\Test\KILLSPY\game\components\QuitButton.tsx">
        <metrics statements="7" coveredstatements="6" conditionals="3" coveredconditionals="2" methods="4" coveredmethods="3"/>
        <line num="13" count="3" type="stmt"/>
        <line num="15" count="3" type="stmt"/>
        <line num="16" count="1" type="stmt"/>
        <line num="27" count="0" type="stmt"/>
        <line num="34" count="3" type="stmt"/>
        <line num="37" count="3" type="stmt"/>
        <line num="47" count="1" type="stmt"/>
      </file>
      <file name="Themed.tsx" path="C:\Users\yelabdi.XEFI\.cursor-tutor\Test\KILLSPY\game\components\Themed.tsx">
        <metrics statements="11" coveredstatements="11" conditionals="4" coveredconditionals="3" methods="3" coveredmethods="3"/>
        <line num="23" count="23" type="cond" truecount="1" falsecount="1"/>
        <line num="24" count="23" type="stmt"/>
        <line num="26" count="23" type="cond" truecount="2" falsecount="0"/>
        <line num="27" count="2" type="stmt"/>
        <line num="29" count="21" type="stmt"/>
        <line num="34" count="14" type="stmt"/>
        <line num="35" count="14" type="stmt"/>
        <line num="37" count="14" type="stmt"/>
        <line num="41" count="6" type="stmt"/>
        <line num="42" count="6" type="stmt"/>
        <line num="44" count="6" type="stmt"/>
      </file>
      <file name="useColorScheme.ts" path="C:\Users\yelabdi.XEFI\.cursor-tutor\Test\KILLSPY\game\components\useColorScheme.ts">
        <metrics statements="0" coveredstatements="0" conditionals="0" coveredconditionals="0" methods="0" coveredmethods="0"/>
      </file>
    </package>
    <package name="constants">
      <metrics statements="2" coveredstatements="2" conditionals="0" coveredconditionals="0" methods="0" coveredmethods="0"/>
      <file name="Colors.ts" path="C:\Users\yelabdi.XEFI\.cursor-tutor\Test\KILLSPY\game\constants\Colors.ts">
        <metrics statements="2" coveredstatements="2" conditionals="0" coveredconditionals="0" methods="0" coveredmethods="0"/>
        <line num="1" count="3" type="stmt"/>
        <line num="2" count="3" type="stmt"/>
      </file>
    </package>
  </project>
</coverage>
