{"C:\\Users\\yelabdi.XEFI\\.cursor-tutor\\Test\\KILLSPY\\game\\app\\index.tsx": {"path":"C:\\Users\\yelabdi.XEFI\\.cursor-tutor\\Test\\KILLSPY\\game\\app\\index.tsx","statementMap":{"0":{"start":{"line":9,"column":24},"end":{"line":9,"column":42}},"1":{"start":{"line":10,"column":17},"end":{"line":10,"column":28}},"2":{"start":{"line":12,"column":2},"end":{"line":17,"column":4}},"3":{"start":{"line":15,"column":27},"end":{"line":15,"column":63}},"4":{"start":{"line":20,"column":15},"end":{"line":35,"column":2}}},"fnMap":{"0":{"name":"LoginFormScreen","decl":{"start":{"line":8,"column":24},"end":{"line":8,"column":39}},"loc":{"start":{"line":8,"column":42},"end":{"line":18,"column":1}},"line":8},"1":{"name":"(anonymous_1)","decl":{"start":{"line":15,"column":21},"end":{"line":15,"column":22}},"loc":{"start":{"line":15,"column":27},"end":{"line":15,"column":63}},"line":15}},"branchMap":{},"s":{"0":4,"1":4,"2":4,"3":1,"4":1},"f":{"0":4,"1":1},"b":{},"_coverageSchema":"1a1c01bbd47fc00a2c39e90264f33305004495a9","hash":"726ef9cac662dcf114dc7471937a1fad07f46c5f"}
,"C:\\Users\\yelabdi.XEFI\\.cursor-tutor\\Test\\KILLSPY\\game\\components\\QuitButton.tsx": {"path":"C:\\Users\\yelabdi.XEFI\\.cursor-tutor\\Test\\KILLSPY\\game\\components\\QuitButton.tsx","statementMap":{"0":{"start":{"line":13,"column":26},"end":{"line":13,"column":44}},"1":{"start":{"line":15,"column":23},"end":{"line":32,"column":5}},"2":{"start":{"line":16,"column":8},"end":{"line":31,"column":10}},"3":{"start":{"line":27,"column":35},"end":{"line":27,"column":63}},"4":{"start":{"line":34,"column":4},"end":{"line":44,"column":6}},"5":{"start":{"line":37,"column":36},"end":{"line":40,"column":13}},"6":{"start":{"line":47,"column":15},"end":{"line":60,"column":2}}},"fnMap":{"0":{"name":"QuitButton","decl":{"start":{"line":12,"column":24},"end":{"line":12,"column":34}},"loc":{"start":{"line":12,"column":82},"end":{"line":45,"column":1}},"line":12},"1":{"name":"(anonymous_1)","decl":{"start":{"line":15,"column":23},"end":{"line":15,"column":24}},"loc":{"start":{"line":15,"column":29},"end":{"line":32,"column":5}},"line":15},"2":{"name":"(anonymous_2)","decl":{"start":{"line":27,"column":29},"end":{"line":27,"column":30}},"loc":{"start":{"line":27,"column":35},"end":{"line":27,"column":63}},"line":27},"3":{"name":"(anonymous_3)","decl":{"start":{"line":37,"column":19},"end":{"line":37,"column":20}},"loc":{"start":{"line":37,"column":36},"end":{"line":40,"column":13}},"line":37}},"branchMap":{"0":{"loc":{"start":{"line":12,"column":37},"end":{"line":12,"column":61}},"type":"default-arg","locations":[{"start":{"line":12,"column":52},"end":{"line":12,"column":61}}],"line":12},"1":{"loc":{"start":{"line":39,"column":16},"end":{"line":39,"column":51}},"type":"binary-expr","locations":[{"start":{"line":39,"column":16},"end":{"line":39,"column":23}},{"start":{"line":39,"column":27},"end":{"line":39,"column":51}}],"line":39}},"s":{"0":3,"1":3,"2":1,"3":0,"4":3,"5":3,"6":1},"f":{"0":3,"1":1,"2":0,"3":3},"b":{"0":[3],"1":[3,0]},"_coverageSchema":"1a1c01bbd47fc00a2c39e90264f33305004495a9","hash":"6cb2000560781e22e95c2a81198982332a28c307"}
,"C:\\Users\\yelabdi.XEFI\\.cursor-tutor\\Test\\KILLSPY\\game\\components\\Themed.tsx": {"path":"C:\\Users\\yelabdi.XEFI\\.cursor-tutor\\Test\\KILLSPY\\game\\components\\Themed.tsx","statementMap":{"0":{"start":{"line":23,"column":16},"end":{"line":23,"column":43}},"1":{"start":{"line":24,"column":25},"end":{"line":24,"column":37}},"2":{"start":{"line":26,"column":2},"end":{"line":30,"column":3}},"3":{"start":{"line":27,"column":4},"end":{"line":27,"column":26}},"4":{"start":{"line":29,"column":4},"end":{"line":29,"column":36}},"5":{"start":{"line":34,"column":58},"end":{"line":34,"column":63}},"6":{"start":{"line":35,"column":16},"end":{"line":35,"column":77}},"7":{"start":{"line":37,"column":2},"end":{"line":37,"column":68}},"8":{"start":{"line":41,"column":58},"end":{"line":41,"column":63}},"9":{"start":{"line":42,"column":26},"end":{"line":42,"column":93}},"10":{"start":{"line":44,"column":2},"end":{"line":44,"column":78}}},"fnMap":{"0":{"name":"useThemeColor","decl":{"start":{"line":19,"column":16},"end":{"line":19,"column":29}},"loc":{"start":{"line":22,"column":2},"end":{"line":31,"column":1}},"line":22},"1":{"name":"Text","decl":{"start":{"line":33,"column":16},"end":{"line":33,"column":20}},"loc":{"start":{"line":33,"column":39},"end":{"line":38,"column":1}},"line":33},"2":{"name":"View","decl":{"start":{"line":40,"column":16},"end":{"line":40,"column":20}},"loc":{"start":{"line":40,"column":39},"end":{"line":45,"column":1}},"line":40}},"branchMap":{"0":{"loc":{"start":{"line":23,"column":16},"end":{"line":23,"column":43}},"type":"binary-expr","locations":[{"start":{"line":23,"column":16},"end":{"line":23,"column":32}},{"start":{"line":23,"column":36},"end":{"line":23,"column":43}}],"line":23},"1":{"loc":{"start":{"line":26,"column":2},"end":{"line":30,"column":3}},"type":"if","locations":[{"start":{"line":26,"column":2},"end":{"line":30,"column":3}},{"start":{"line":28,"column":9},"end":{"line":30,"column":3}}],"line":26}},"s":{"0":23,"1":23,"2":23,"3":2,"4":21,"5":14,"6":14,"7":14,"8":6,"9":6,"10":6},"f":{"0":23,"1":14,"2":6},"b":{"0":[23,0],"1":[2,21]},"_coverageSchema":"1a1c01bbd47fc00a2c39e90264f33305004495a9","hash":"0e5ffbe6df2dffb1eef9d5fd4693f1162b8335e7"}
,"C:\\Users\\yelabdi.XEFI\\.cursor-tutor\\Test\\KILLSPY\\game\\components\\useColorScheme.ts": {"path":"C:\\Users\\yelabdi.XEFI\\.cursor-tutor\\Test\\KILLSPY\\game\\components\\useColorScheme.ts","statementMap":{},"fnMap":{},"branchMap":{},"s":{},"f":{},"b":{},"_coverageSchema":"1a1c01bbd47fc00a2c39e90264f33305004495a9","hash":"f71840f419cd3f19e56ddf392be0eeb67791929b"}
,"C:\\Users\\yelabdi.XEFI\\.cursor-tutor\\Test\\KILLSPY\\game\\constants\\Colors.ts": {"path":"C:\\Users\\yelabdi.XEFI\\.cursor-tutor\\Test\\KILLSPY\\game\\constants\\Colors.ts","statementMap":{"0":{"start":{"line":1,"column":23},"end":{"line":1,"column":32}},"1":{"start":{"line":2,"column":22},"end":{"line":2,"column":28}}},"fnMap":{},"branchMap":{},"s":{"0":3,"1":3},"f":{},"b":{},"_coverageSchema":"1a1c01bbd47fc00a2c39e90264f33305004495a9","hash":"9170a8d84f9dbcda89c7fe3dbc0a9f6d96619c61"}
}
