TN:
SF:app\index.tsx
FN:8,LoginFormScreen
FN:15,(anonymous_1)
FNF:2
FNH:2
FNDA:4,LoginFormScreen
FNDA:1,(anonymous_1)
DA:9,4
DA:10,4
DA:12,4
DA:15,1
DA:20,1
LF:5
LH:5
BRF:0
BRH:0
end_of_record
TN:
SF:components\QuitButton.tsx
FN:12,QuitButton
FN:15,(anonymous_1)
FN:27,(anonymous_2)
FN:37,(anonymous_3)
FNF:4
FNH:3
FNDA:3,QuitButton
FNDA:1,(anonymous_1)
FNDA:0,(anonymous_2)
FNDA:3,(anonymous_3)
DA:13,3
DA:15,3
DA:16,1
DA:27,0
DA:34,3
DA:37,3
DA:47,1
LF:7
LH:6
BRDA:12,0,0,3
BRDA:39,1,0,3
BRDA:39,1,1,0
BRF:3
BRH:2
end_of_record
TN:
SF:components\Themed.tsx
FN:19,useThemeColor
FN:33,Text
FN:40,View
FNF:3
FNH:3
FNDA:23,useThemeColor
FNDA:14,Text
FNDA:6,View
DA:23,23
DA:24,23
DA:26,23
DA:27,2
DA:29,21
DA:34,14
DA:35,14
DA:37,14
DA:41,6
DA:42,6
DA:44,6
LF:11
LH:11
BRDA:23,0,0,23
BRDA:23,0,1,0
BRDA:26,1,0,2
BRDA:26,1,1,21
BRF:4
BRH:3
end_of_record
TN:
SF:components\useColorScheme.ts
FNF:0
FNH:0
LF:0
LH:0
BRF:0
BRH:0
end_of_record
TN:
SF:constants\Colors.ts
FNF:0
FNH:0
DA:1,3
DA:2,3
LF:2
LH:2
BRF:0
BRH:0
end_of_record
